[2026-04-20T21:34:10.101Z] GET https://www.credly.com/users/faiz-mustansar → 200 (288ms, 41321B)
[2026-04-20T21:34:10.400Z] GET https://fonts.googleapis.com/css?family=Open+Sans:300,400,400i,600,700 → 200 (121ms, 29486B)
[2026-04-20T21:34:10.400Z] GET https://use.typekit.net/bcc0eop.css → 200 (122ms, 1891B)
[2026-04-20T21:34:10.400Z] GET https://cdn.credly.com/assets/transitional-ad74f2218752f8e97ea9f0c032d42d718238f0c822804b91c85e86ccd244f4f6.css → 200 (104ms, 14072B)
[2026-04-20T21:34:10.400Z] GET https://cdn.credly.com/assets/application-41de12e886674dac346822e785f3ecf898fdf89dcf03498ff7dc629ada3117ed.css → 200 (121ms, 550803B)
[2026-04-20T21:34:10.400Z] GET https://cdn.credly.com/assets/ie_polyfills.legacy-browser-eb3f8596e1c5f284c28e29674c90aed1b5afae6dd3ec51117298e5a75b8dcde9.js → 200 (123ms, 120503B)
[2026-04-20T21:34:10.400Z] GET https://cdn.credly.com/assets/utilities/set_time_zone_cookie-aca1fcb79ea4e90d8e963d7850b867a9bbeb077b05a6cad141c1ce7d945fd20d.js → 200 (107ms, 235B)
[2026-04-20T21:34:10.400Z] GET https://cdn.credly.com/assets/application-5f2e3a8ec17cd094ab8e6cd77bc379d087b34c2e153d162c60b2b82d5884856a.js → 200 (136ms, 64662B)
[2026-04-20T21:34:10.400Z] GET https://cdn.cookielaw.org/scripttemplates/otSDKStub.js → 200 (83ms, 26578B)
[2026-04-20T21:34:10.400Z] GET https://cdn.trackjs.com/releases/current/tracker.js → 200 (82ms, 26902B)
[2026-04-20T21:34:10.400Z] GET https://www.googletagmanager.com/gtag/js?id=G-5D8QQR0C2M → pending (?ms, ?B)
[2026-04-20T21:34:10.493Z] GET https://cdn.cookielaw.org/consent/01939cd7-7f26-7c87-af17-d2bfc69700b9/01939cd7-7f26-7c87-af17-d2bfc69700b9.json → pending (?ms, ?B)
[2026-04-20T21:34:10.498Z] GET https://cdn.pendo.io/agent/static/65460ef3-56d0-45a3-7b3b-fe1ec0463054/pendo.js → pending (?ms, ?B)
[2026-04-20T21:34:10.522Z] GET https://p.typekit.net/p.css?s=1&k=bcc0eop&ht=tk&f=605.607&a=83865279&app=typekit&e=css → pending (?ms, ?B)
[2026-04-20T21:34:10.681Z] GET https://geolocation.onetrust.com/cookieconsentpub/v1/geo/location → 200 (89ms, 68B)
[2026-04-20T21:34:10.706Z] GET https://www.credly.com/time_zone/300 → 200 (63ms, 632B)
[2026-04-20T21:34:10.749Z] GET https://cdn.credly.com/assets/structure/logo-c48f2e5e3a483bb2b97d000b9ac94ffc8e194377f104c6a80aaf60c18c8a9d13.svg → 200 (5ms, 7493B)
[2026-04-20T21:34:10.749Z] GET https://cdn.credly.com/assets/open-sans-latin-400-normal-PC4SXGO2.digested.woff2 → 200 (22ms, 18664B)
[2026-04-20T21:34:10.749Z] GET https://cdn.credly.com/assets/open-sans-latin-600-normal-UH27EPRT.digested.woff2 → 200 (22ms, 18628B)
[2026-04-20T21:34:10.758Z] GET https://cdn.credly.com/assets/chunk-H7UZU645.digested.js → 200 (16ms, 510B)
[2026-04-20T21:34:10.758Z] GET https://cdn.credly.com/assets/chunk-KRSUMUZH.digested.js → 200 (17ms, 441B)
[2026-04-20T21:34:10.758Z] GET https://cdn.credly.com/assets/chunk-6Z5QK2EN.digested.js → 200 (27ms, 5152B)
[2026-04-20T21:34:10.758Z] GET https://cdn.credly.com/assets/chunk-EANTABQV.digested.js → 200 (27ms, 393B)
[2026-04-20T21:34:10.758Z] GET https://cdn.credly.com/assets/chunk-3A36KPXM.digested.js → 200 (27ms, 668B)
[2026-04-20T21:34:10.759Z] GET https://cdn.credly.com/assets/chunk-DJALBTFY.digested.js → 200 (90ms, 762B)
[2026-04-20T21:34:10.759Z] GET https://cdn.credly.com/assets/chunk-GACPE3PF.digested.js → 200 (74ms, 1375B)
[2026-04-20T21:34:10.759Z] GET https://cdn.credly.com/assets/chunk-LSPKKZE6.digested.js → 200 (73ms, 1002B)
[2026-04-20T21:34:10.759Z] GET https://cdn.credly.com/assets/chunk-GMIYZAY6.digested.js → 200 (73ms, 6943B)
[2026-04-20T21:34:10.759Z] GET https://cdn.credly.com/assets/chunk-N2X3JVBY.digested.js → 200 (89ms, 903B)
[2026-04-20T21:34:10.759Z] GET https://cdn.credly.com/assets/chunk-DLW5DSHA.digested.js → 200 (74ms, 450B)
[2026-04-20T21:34:10.759Z] GET https://cdn.credly.com/assets/chunk-5JH53T4G.digested.js → 200 (90ms, 1270B)
[2026-04-20T21:34:10.759Z] GET https://cdn.credly.com/assets/chunk-QGEKUU3H.digested.js → 200 (89ms, 17806B)
[2026-04-20T21:34:10.759Z] GET https://cdn.credly.com/assets/chunk-I4UP6FEY.digested.js → 200 (90ms, 457B)
[2026-04-20T21:34:10.760Z] GET https://cdn.credly.com/assets/chunk-Z62HSN4E.digested.js → 200 (93ms, 1033B)
[2026-04-20T21:34:10.760Z] GET https://cdn.credly.com/assets/chunk-YCIRLEKR.digested.js → 200 (100ms, 1139B)
[2026-04-20T21:34:10.760Z] GET https://cdn.credly.com/assets/chunk-HMTZG76H.digested.js → 200 (89ms, 839B)
[2026-04-20T21:34:10.760Z] GET https://cdn.credly.com/assets/chunk-ZTFZEPHZ.digested.js → 200 (102ms, 1870B)
[2026-04-20T21:34:10.760Z] GET https://cdn.credly.com/assets/chunk-QLCUZJ63.digested.js → 200 (91ms, 3793B)
[2026-04-20T21:34:10.760Z] GET https://cdn.credly.com/assets/chunk-IMIRPF5S.digested.js → 200 (89ms, 384B)
[2026-04-20T21:34:10.761Z] GET https://cdn.credly.com/assets/chunk-NZUYX4KB.digested.js → 200 (90ms, 18812B)
[2026-04-20T21:34:10.761Z] GET https://cdn.credly.com/assets/chunk-YKYOZAH2.digested.js → 200 (92ms, 3750B)
[2026-04-20T21:34:10.761Z] GET https://cdn.credly.com/assets/chunk-43CJCCIZ.digested.js → 200 (100ms, 999B)
[2026-04-20T21:34:10.761Z] GET https://cdn.credly.com/assets/chunk-QO72EFVZ.digested.js → 200 (99ms, 3068B)
[2026-04-20T21:34:10.761Z] GET https://cdn.credly.com/assets/chunk-HZYDKVME.digested.js → 200 (94ms, 1222B)
[2026-04-20T21:34:10.761Z] GET https://cdn.credly.com/assets/chunk-X22LGQPL.digested.js → 200 (94ms, 21881B)
[2026-04-20T21:34:10.761Z] GET https://cdn.credly.com/assets/chunk-FLETJDNA.digested.js → 200 (104ms, 2180B)
[2026-04-20T21:34:10.761Z] GET https://cdn.credly.com/assets/chunk-STENPNFF.digested.js → 200 (101ms, 642B)
[2026-04-20T21:34:10.761Z] GET https://cdn.credly.com/assets/chunk-ATOMAE5S.digested.js → 200 (100ms, 441B)
[2026-04-20T21:34:10.761Z] GET https://cdn.credly.com/assets/chunk-VYR7AMRJ.digested.js → 200 (102ms, 5462B)
[2026-04-20T21:34:10.761Z] GET https://cdn.credly.com/assets/chunk-EMSRKRR3.digested.js → 200 (102ms, 920B)
[2026-04-20T21:34:10.761Z] GET https://cdn.credly.com/assets/chunk-LXC4JSJ7.digested.js → 200 (103ms, 19195B)
[2026-04-20T21:34:10.761Z] GET https://cdn.credly.com/assets/chunk-FP2IW7KZ.digested.js → 200 (102ms, 2290B)
[2026-04-20T21:34:10.761Z] GET https://cdn.credly.com/assets/chunk-2SDQTUO2.digested.js → 200 (103ms, 1917B)
[2026-04-20T21:34:10.762Z] GET https://cdn.credly.com/assets/chunk-NZ33HDUM.digested.js → 200 (103ms, 1646B)
[2026-04-20T21:34:10.762Z] GET https://cdn.credly.com/assets/chunk-25BW5VUZ.digested.js → 200 (107ms, 1020B)
[2026-04-20T21:34:10.762Z] GET https://cdn.credly.com/assets/chunk-M3E677BK.digested.js → 200 (106ms, 1294B)
[2026-04-20T21:34:10.762Z] GET https://cdn.credly.com/assets/chunk-EMSKH6V5.digested.js → 200 (107ms, 338B)
[2026-04-20T21:34:10.762Z] GET https://cdn.credly.com/assets/chunk-T2NF5SCN.digested.js → 200 (103ms, 12549B)
[2026-04-20T21:34:10.762Z] GET https://cdn.credly.com/assets/chunk-7CFYXWRV.digested.js → 200 (121ms, 18865B)
[2026-04-20T21:34:10.765Z] GET https://cdn.credly.com/assets/chunk-POL2VCSZ.digested.js → 200 (104ms, 10700B)
[2026-04-20T21:34:10.765Z] GET https://cdn.credly.com/assets/chunk-LOUDT5KS.digested.js → 200 (101ms, 72B)
[2026-04-20T21:34:10.765Z] GET https://cdn.credly.com/assets/chunk-R4KMZUXC.digested.js → 200 (101ms, 1109B)
[2026-04-20T21:34:10.765Z] GET https://cdn.credly.com/assets/chunk-G5NTPGT4.digested.js → 200 (104ms, 5448B)
[2026-04-20T21:34:10.765Z] GET https://cdn.credly.com/assets/chunk-NEZELB5T.digested.js → 200 (105ms, 817B)
[2026-04-20T21:34:10.765Z] GET https://cdn.credly.com/assets/chunk-MEQITB2F.digested.js → 200 (117ms, 3907B)
[2026-04-20T21:34:10.765Z] GET https://cdn.credly.com/assets/chunk-HWP5Q2WL.digested.js → 200 (101ms, 759B)
[2026-04-20T21:34:10.765Z] GET https://cdn.credly.com/assets/chunk-6PKBYQAC.digested.js → 200 (118ms, ?B)
[2026-04-20T21:34:10.765Z] GET https://cdn.credly.com/assets/chunk-G2OBET7F.digested.js → 200 (101ms, 380B)
[2026-04-20T21:34:10.765Z] GET https://cdn.credly.com/assets/chunk-JPSH2YV2.digested.js → 200 (102ms, 5046B)
[2026-04-20T21:34:10.765Z] GET https://cdn.credly.com/assets/chunk-HBTWJY2L.digested.js → 200 (102ms, 2453B)
[2026-04-20T21:34:10.765Z] GET https://cdn.credly.com/assets/chunk-2BU4GVIF.digested.js → 200 (105ms, 556B)
[2026-04-20T21:34:10.765Z] GET https://cdn.credly.com/assets/chunk-NMENPDJL.digested.js → 200 (119ms, 4364B)
[2026-04-20T21:34:10.765Z] GET https://cdn.credly.com/assets/chunk-IXXPF4MS.digested.js → 200 (102ms, 7676B)
[2026-04-20T21:34:10.765Z] GET https://cdn.credly.com/assets/chunk-6ZA534NW.digested.js → 200 (116ms, 1058B)
[2026-04-20T21:34:10.765Z] GET https://cdn.credly.com/assets/chunk-LDFZE33D.digested.js → 200 (118ms, 3485B)
[2026-04-20T21:34:10.765Z] GET https://cdn.credly.com/assets/chunk-25A25DPH.digested.js → 200 (105ms, 309B)
[2026-04-20T21:34:10.765Z] GET https://cdn.credly.com/assets/chunk-ZTJAIX3D.digested.js → 200 (102ms, 1083B)
[2026-04-20T21:34:10.766Z] GET https://cdn.credly.com/assets/chunk-HLTIOPYX.digested.js → 200 (118ms, 679B)
[2026-04-20T21:34:10.766Z] GET https://cdn.credly.com/assets/chunk-5WMQOKWW.digested.js → 200 (102ms, 15004B)
[2026-04-20T21:34:10.766Z] GET https://cdn.credly.com/assets/chunk-LKHDQORE.digested.js → 200 (102ms, 2481B)
[2026-04-20T21:34:10.766Z] GET https://cdn.credly.com/assets/chunk-IAT23355.digested.js → 200 (120ms, 1345B)
[2026-04-20T21:34:10.766Z] GET https://cdn.credly.com/assets/chunk-ONRC6UMY.digested.js → 200 (118ms, 213B)
[2026-04-20T21:34:10.766Z] GET https://cdn.credly.com/assets/chunk-TDX3T2DM.digested.js → 200 (101ms, 1878B)
[2026-04-20T21:34:10.766Z] GET https://cdn.credly.com/assets/chunk-IEGXG42M.digested.js → 200 (122ms, 549B)
[2026-04-20T21:34:10.766Z] GET https://cdn.credly.com/assets/chunk-SUF7U4BA.digested.js → 200 (102ms, 168B)
[2026-04-20T21:34:10.766Z] GET https://cdn.credly.com/assets/chunk-IDGGKZKD.digested.js → 200 (121ms, 1251B)
[2026-04-20T21:34:10.766Z] GET https://cdn.credly.com/assets/chunk-BKK7L32S.digested.js → 200 (121ms, 526B)
[2026-04-20T21:34:10.766Z] GET https://cdn.credly.com/assets/chunk-BL6UC2OV.digested.js → 200 (122ms, 1914B)
[2026-04-20T21:34:10.766Z] GET https://cdn.credly.com/assets/chunk-KCUNCQIX.digested.js → 200 (102ms, 1104B)
[2026-04-20T21:34:10.766Z] GET https://cdn.credly.com/assets/chunk-DN6ZT27Q.digested.js → 200 (123ms, 2041B)
[2026-04-20T21:34:10.766Z] GET https://cdn.credly.com/assets/chunk-WV2KCJXM.digested.js → 200 (171ms, 34828B)
[2026-04-20T21:34:10.766Z] GET https://cdn.credly.com/assets/chunk-NU3WK5MV.digested.js → 200 (122ms, 1537B)
[2026-04-20T21:34:10.766Z] GET https://cdn.credly.com/assets/chunk-XJGITFBF.digested.js → 200 (122ms, 1414B)
[2026-04-20T21:34:10.766Z] GET https://cdn.credly.com/assets/chunk-KW4JYIJX.digested.js → 200 (122ms, 1804B)
[2026-04-20T21:34:10.766Z] GET https://cdn.credly.com/assets/chunk-66Z4TEVA.digested.js → 200 (122ms, 1775B)
[2026-04-20T21:34:10.767Z] GET https://cdn.credly.com/assets/chunk-GQMIOG73.digested.js → 200 (187ms, 72B)
[2026-04-20T21:34:10.767Z] GET https://cdn.credly.com/assets/chunk-66N5LOTM.digested.js → 200 (170ms, 66724B)
[2026-04-20T21:34:10.767Z] GET https://cdn.credly.com/assets/chunk-GCQMYUAL.digested.js → 200 (122ms, 1317B)
[2026-04-20T21:34:10.767Z] GET https://cdn.credly.com/assets/chunk-HSTX5TOH.digested.js → 200 (171ms, 1638787B)
[2026-04-20T21:34:10.767Z] GET https://cdn.credly.com/assets/chunk-SCQRLJCO.digested.js → 200 (124ms, 71650B)
[2026-04-20T21:34:10.767Z] GET https://cdn.credly.com/assets/chunk-CP5KT3FI.digested.js → 200 (122ms, 1841B)
[2026-04-20T21:34:10.767Z] GET https://cdn.credly.com/assets/chunk-GR44DZQK.digested.js → 200 (190ms, 7686B)
[2026-04-20T21:34:10.767Z] GET https://cdn.credly.com/assets/chunk-ZGWUWSFL.digested.js → 200 (189ms, 2305B)
[2026-04-20T21:34:10.767Z] GET https://cdn.credly.com/assets/chunk-GZNHTIKQ.digested.js → 200 (170ms, 34233B)
[2026-04-20T21:34:10.767Z] GET https://cdn.credly.com/assets/chunk-VO2FQPAA.digested.js → 200 (190ms, 1144B)
[2026-04-20T21:34:10.767Z] GET https://cdn.credly.com/assets/chunk-UAMKU43M.digested.js → 200 (125ms, 905B)
[2026-04-20T21:34:10.767Z] GET https://cdn.credly.com/assets/chunk-BWXL2NR3.digested.js → 200 (188ms, 1277B)
[2026-04-20T21:34:10.767Z] GET https://cdn.credly.com/assets/chunk-OLAHRBFR.digested.js → 200 (122ms, 32020B)
[2026-04-20T21:34:10.767Z] GET https://cdn.credly.com/assets/chunk-TJ56SCQY.digested.js → 200 (190ms, 713B)
[2026-04-20T21:34:10.767Z] GET https://cdn.credly.com/assets/chunk-Q3APXJ2P.digested.js → 200 (170ms, 140894B)
[2026-04-20T21:34:10.767Z] GET https://cdn.credly.com/assets/chunk-N5OCPSJ6.digested.js → 200 (190ms, 3678B)
[2026-04-20T21:34:10.767Z] GET https://cdn.credly.com/assets/chunk-OHRFEPDV.digested.js → 200 (189ms, 5626B)
[2026-04-20T21:34:10.767Z] GET https://cdn.credly.com/assets/chunk-5T4OVUNY.digested.js → 200 (187ms, 56141B)
[2026-04-20T21:34:10.767Z] GET https://cdn.credly.com/assets/chunk-PS7C4SWM.digested.js → 200 (124ms, 6760B)
[2026-04-20T21:34:10.767Z] GET https://cdn.credly.com/assets/chunk-Z34RLW2C.digested.js → 200 (122ms, 3878B)
[2026-04-20T21:34:10.767Z] GET https://cdn.credly.com/assets/chunk-BKO2J4MJ.digested.js → 200 (129ms, 3356B)
[2026-04-20T21:34:10.767Z] GET https://cdn.credly.com/assets/chunk-4YURXYNU.digested.js → 200 (129ms, 29382B)
[2026-04-20T21:34:10.768Z] GET https://cdn.credly.com/assets/chunk-G6PWSDS2.digested.js → 200 (128ms, 6266B)
[2026-04-20T21:34:10.768Z] GET https://cdn.credly.com/assets/chunk-JR7QICRF.digested.js → 200 (189ms, 13593B)
[2026-04-20T21:34:10.768Z] GET https://cdn.credly.com/assets/chunk-CZHD7DH4.digested.js → 200 (185ms, 7443B)
[2026-04-20T21:34:10.768Z] GET https://cdn.credly.com/assets/chunk-2VPTY3V2.digested.js → 200 (188ms, 859B)
[2026-04-20T21:34:10.768Z] GET https://cdn.credly.com/assets/chunk-MM4KT4S7.digested.js → 200 (187ms, 837B)
[2026-04-20T21:34:10.770Z] GET https://cdn.cookielaw.org/scripttemplates/202411.2.0/otBannerSdk.js → 200 (50ms, 474797B)
[2026-04-20T21:34:10.832Z] GET https://cdn.cookielaw.org/consent/01939cd7-7f26-7c87-af17-d2bfc69700b9/019567c3-402a-7ba5-87b3-cc5f73ba4e81/en.json → 200 (67ms, 47172B)
[2026-04-20T21:34:10.881Z] POST https://www.google-analytics.com/g/collect?v=2&tid=G-5D8QQR0C2M&gtm=45je64g0v9103030803za200zd9103030803&_p=1776720850701&gcd=13l3l3l3l1l1&npa=0&dma=0&are=1&cid=1176041083.1776720851&frm=0&pscdl=noapi&rcb=6&sr=1280x720&uaa=arm&uab=64&uafvl=Not%253AA-Brand%3B99.0.0.0%7CHeadlessChrome%3B145.0.7632.6%7CChromium%3B145.0.7632.6&uam=&uamb=0&uap=macOS&uapv=26.3.0&uaw=0&ul=en-us&_s=1&tag_exp=0~115938465~115938469~117266400&sid=1776720850&sct=1&seg=0&dl=https%3A%2F%2Fwww.credly.com%2Fusers%2Ffaiz-mustansar&dt=Credly&en=page_view&_fv=1&_nsi=1&_ss=1&_ee=1&tfd=778 → 204 (346ms, ?B)
[2026-04-20T21:34:10.901Z] GET https://cdn.cookielaw.org/consent/01939cd7-7f26-7c87-af17-d2bfc69700b9/019567c3-402a-7ba5-87b3-cc5f73ba4e81/bLayout-en.json → 200 (122ms, 15030B)
[2026-04-20T21:34:10.901Z] GET https://cdn.cookielaw.org/scripttemplates/202411.2.0/assets/v2/otPcCenter.json → 200 (37ms, 63848B)
[2026-04-20T21:34:10.901Z] GET https://cdn.cookielaw.org/scripttemplates/202411.2.0/assets/otCommonStyles.css → 200 (37ms, 24897B)
[2026-04-20T21:34:11.021Z] GET https://app.launchdarkly.com/sdk/goals/663bdb8143d6f11011f85017 → 200 (123ms, 284B)
[2026-04-20T21:34:11.021Z] REPORT https://app.launchdarkly.com/sdk/evalx/663bdb8143d6f11011f85017/context → 200 (129ms, 4680B)
[2026-04-20T21:34:11.021Z] POST https://events.launchdarkly.com/events/diagnostic/663bdb8143d6f11011f85017 → 202 (168ms, ?B)
[2026-04-20T21:34:11.023Z] GET https://cdn.credly.com/assets/en-K3SU3JGX.digested.js → 200 (24ms, 149B)
[2026-04-20T21:34:11.023Z] GET https://usage.trackjs.com/usage.gif?token=e43bb3a0b11a469ba1ef2ec2b79c6b11&correlationId=f71caafd-6ffc-4d5c-95d9-9e3e2480dd9f&application=acclaim-production&x=5915053d-df3d-4d20-8308-8bc6b7cdb99d& → 200 (97ms, 43B)
[2026-04-20T21:34:11.041Z] GET https://cdn.credly.com/assets/open-sans-latin-700-normal-I4EMOFFP.digested.woff2 → 200 (26ms, 18232B)
[2026-04-20T21:34:11.041Z] GET https://cdn.cookielaw.org/logos/static/ot_guard_logo.svg → 200 (29ms, 497B)
[2026-04-20T21:34:11.045Z] GET https://cdn.cookielaw.org/logos/0d555ebd-3f0a-478d-9caa-67540b18e205/0197a16f-e118-7f49-910a-21adda2976ee/3429acb6-8671-44e7-92e6-30760e3595d3/logo-full-purple-4x.png → 200 (29ms, 10653B)
[2026-04-20T21:34:11.045Z] GET https://cdn.cookielaw.org/logos/static/powered_by_logo.svg → 200 (28ms, 5445B)
[2026-04-20T21:34:11.047Z] GET https://cdn.credly.com/assets/chunk-P6EI4NGK.digested.js → 200 (28ms, 427890B)
[2026-04-20T21:34:11.089Z] GET https://cdn.credly.com/assets/portaled_header-JDMONSMM.digested.js → 200 (11ms, 2449B)
[2026-04-20T21:34:11.089Z] GET https://cdn.credly.com/assets/overlays-CZL4H66V.digested.js → 200 (16ms, 15376B)
[2026-04-20T21:34:11.089Z] GET https://cdn.credly.com/assets/user_layout-A46LPR6V.digested.js → 200 (17ms, 4391B)
[2026-04-20T21:34:11.096Z] GET https://www.credly.com/session_live_check? → 200 (50ms, 36B)
[2026-04-20T21:34:11.101Z] GET https://cdn.credly.com/assets/chunk-42MTOKJV.digested.js → 200 (15ms, 350B)
[2026-04-20T21:34:11.101Z] GET https://cdn.credly.com/assets/chunk-E7JJWCBY.digested.js → 200 (17ms, 3408B)
[2026-04-20T21:34:11.101Z] GET https://cdn.credly.com/assets/chunk-PEIK3JMT.digested.js → 200 (18ms, 4307B)
[2026-04-20T21:34:11.101Z] GET https://cdn.credly.com/assets/chunk-MDHG2YIB.digested.js → 200 (18ms, 11824B)
[2026-04-20T21:34:11.101Z] GET https://cdn.credly.com/assets/chunk-GEAYPZKH.digested.js → 200 (18ms, 730B)
[2026-04-20T21:34:11.101Z] GET https://cdn.credly.com/assets/chunk-FVL6W3FZ.digested.js → 200 (25ms, 3085B)
[2026-04-20T21:34:11.101Z] GET https://cdn.credly.com/assets/chunk-4KUMTGDZ.digested.js → 200 (25ms, 1151B)
[2026-04-20T21:34:11.101Z] GET https://cdn.credly.com/assets/chunk-HQN5RQAO.digested.js → 200 (26ms, 843B)
[2026-04-20T21:34:11.101Z] GET https://cdn.credly.com/assets/chunk-VDAZYED4.digested.js → 200 (24ms, 1054B)
[2026-04-20T21:34:11.101Z] GET https://cdn.credly.com/assets/chunk-MM43ZHEV.digested.js → 200 (26ms, 1009B)
[2026-04-20T21:34:11.105Z] GET https://cdn.credly.com/assets/chunk-XRYRNFBB.digested.js → 200 (22ms, 348B)
[2026-04-20T21:34:11.106Z] GET https://cdn.credly.com/assets/chunk-3VSJ5YRY.digested.js → 200 (22ms, 32695B)
[2026-04-20T21:34:11.106Z] GET https://cdn.credly.com/assets/chunk-ENSESXZF.digested.js → 200 (23ms, 70567B)
[2026-04-20T21:34:11.106Z] GET https://cdn.credly.com/assets/chunk-WZHI3MBJ.digested.js → 200 (22ms, 303B)
[2026-04-20T21:34:11.106Z] GET https://cdn.credly.com/assets/chunk-HGNCT6ES.digested.js → 200 (22ms, 785B)
[2026-04-20T21:34:11.106Z] GET https://cdn.credly.com/assets/chunk-UDWJSPEF.digested.js → 200 (22ms, 6306B)
[2026-04-20T21:34:11.106Z] GET https://cdn.credly.com/assets/chunk-64B6RRSY.digested.js → 200 (22ms, 38489B)
[2026-04-20T21:34:11.128Z] GET https://cdn.credly.com/assets/global_search-VBCUSEPN.digested.js → 200 (15ms, 24596B)
[2026-04-20T21:34:11.132Z] GET https://www.credly.com/users/faiz-mustansar → 200 (287ms, 533B)
[2026-04-20T21:34:11.144Z] GET https://cdn.credly.com/assets/chunk-AGOWOHWD.digested.js → 200 (22ms, 2476B)
[2026-04-20T21:34:11.144Z] GET https://cdn.credly.com/assets/chunk-PI5JFDA6.digested.js → 200 (21ms, 1130B)
[2026-04-20T21:34:11.144Z] GET https://cdn.credly.com/assets/chunk-IHO2B4PB.digested.js → 200 (23ms, 10199B)
[2026-04-20T21:34:11.144Z] GET https://cdn.credly.com/assets/chunk-J45R34MC.digested.js → 200 (22ms, 4491B)
[2026-04-20T21:34:11.144Z] GET https://cdn.credly.com/assets/chunk-AEKYK6OU.digested.js → 200 (24ms, 533B)
[2026-04-20T21:34:11.144Z] GET https://cdn.credly.com/assets/chunk-5X4RFTOZ.digested.js → 200 (23ms, 1022B)
[2026-04-20T21:34:11.144Z] GET https://cdn.credly.com/assets/chunk-FEHWG2NP.digested.js → 200 (25ms, 644B)
[2026-04-20T21:34:11.144Z] GET https://cdn.credly.com/assets/chunk-APGR3NJG.digested.js → 200 (24ms, 2595B)
[2026-04-20T21:34:11.144Z] GET https://cdn.credly.com/assets/chunk-RCJZDWWO.digested.js → 200 (26ms, 48169B)
[2026-04-20T21:34:11.144Z] GET https://cdn.credly.com/assets/chunk-J4GGCGUR.digested.js → 200 (25ms, 782B)
[2026-04-20T21:34:11.144Z] GET https://cdn.credly.com/assets/chunk-SRXXTKEJ.digested.js → 200 (25ms, 565B)
[2026-04-20T21:34:11.144Z] GET https://cdn.credly.com/assets/chunk-TJ6S3FDP.digested.js → 200 (26ms, 1028B)
[2026-04-20T21:34:11.144Z] GET https://cdn.credly.com/assets/chunk-T35HIDTL.digested.js → 200 (26ms, 964B)
[2026-04-20T21:34:11.151Z] GET https://clientstream.launchdarkly.com/ping/663bdb8143d6f11011f85017 → 200 (381ms, ?B)
[2026-04-20T21:34:11.185Z] GET https://www.credly.com/api/v1/global_search/top_terms → 200 (50ms, 128B)
[2026-04-20T21:34:11.433Z] POST https://stats.credly.com/stats/interaction → pending (?ms, ?B)
[2026-04-20T21:34:11.433Z] GET https://www.credly.com/session_live_check? → pending (?ms, ?B)
[2026-04-20T21:34:11.433Z] GET https://use.typekit.net/af/763e68/00000000000000007735971f/30/l?primer=7cdcb44be4a7db8877ffa5c0007b8dd865b3bbc383831fe2ea177f62257a9191&fvd=n7&v=3 → 200 (162ms, 31888B)
[2026-04-20T21:34:11.438Z] GET https://www.credly.com/users/10624780-892e-4400-bd75-29a64a415ff6/badges?page=1&page_size=48 → pending (?ms, ?B)
[2026-04-20T21:34:11.438Z] GET https://www.credly.com/api/v1/users/10624780-892e-4400-bd75-29a64a415ff6/external_badges/open_badges/public?page=1&page_size=48 → pending (?ms, ?B)
[2026-04-20T21:34:11.533Z] REPORT https://app.launchdarkly.com/sdk/evalx/663bdb8143d6f11011f85017/context → 200 (23ms, 4680B)
[2026-04-20T21:34:11.715Z] GET https://data.pendo.io/data/ptm.gif/65460ef3-56d0-45a3-7b3b-fe1ec0463054?v=2.320.2_prod-io&ct=1776720851714&jzb=eJzNkUFv2zAMhf-Ldk1tWUnsNrcOMdZiQ7dhGZqiGAzFplOltuRJVDynyH8vlbQ-7tybzUc-fnp8fGE4dMAWrAWUbMI21vQObIGqpWqSZWkm-OU8yZJkwvbKKTS2UBUNFD_yu-X3YlXcCb075Hb4zDkZyLI0XuOpR_ummTBvG2p_QuzcIo77vo9KC1UzRKVpY0_LXFxLdbhovUOpnbTxRlZbcJ_ObeTZWdM5tnh5Bwif_2NopN56uQ3PAl38_sWOI9f7aECjaictaLweNSpVEsOg4DGfxYKLlAz3BKmMDuVoKngkCkKqLpQJzmePldzcjk_G8w-b39-sb3fX6gbr_erQPpNVbWULJzHbLXE2_9bBQw9fhy97Eh24sOck5_-e1_M0VT_FffVQZznJHtvAXz5JrSGEulQWSgwQDv560CWRczrigEB5zdLL42Q8cGNk9eEPHCDf0K6Sq48XLmX0Fu50mh7_vAI8aBCH → 200 (310ms, 42B)
[2026-04-20T21:34:11.721Z] GET https://data.pendo.io/data/guide.js/65460ef3-56d0-45a3-7b3b-fe1ec0463054?id=23&jzb=eJx9jk9PAyEQxb_LeG2BoPGwN409eKkm_rmSccEVww6bAbppzX73QhrXmzfy-L03vx84-ORz5EcLHZjn3f7hybyavabv046P90rBBrDvY6HcECohbKBwqPRXzlPqpJznWfTsbDiKPo6yJMdJfqI_bceSMlJClh9oB5euLlidjMG-_x2-rI4uo8WM0K1W7en_MQtIQ8HBVcKReXuBZbX9rbbtmk7IjvLd-lejeqsVtZLqRmqlb-vgobr7SC0W11oJbSaOdusjLMsZlC1kSw&v=2.320.2_prod-io&ct=1776720851720 → 200 (232ms, 414B)
[2026-04-20T21:34:11.721Z] GET https://data.pendo.io/data/guide.gif/65460ef3-56d0-45a3-7b3b-fe1ec0463054?jzb=eJwFwIEIAAAAwDDQd3-N1QABFQC5&ct=1776720851720&v=2.320.2_prod-io → 200 (205ms, 42B)
[2026-04-20T21:34:11.925Z] GET https://images.credly.com/images/a4fc6a2d-be28-4900-9ca4-9adf8f86f569/blob → 200 (99ms, ?B)
[2026-04-20T21:34:11.925Z] GET https://images.credly.com/images/ad69da3f-fd00-45ef-a1a8-faff463d09ad/blob → 200 (112ms, ?B)
[2026-04-20T21:34:11.926Z] GET https://www.credly.com/api/v1/users/10624780-892e-4400-bd75-29a64a415ff6/user_faethm_skills/public?filter%5Bname%5D= → 200 (73ms, 25B)
[2026-04-20T21:34:12.436Z] POST https://www.google-analytics.com/g/collect?v=2&tid=G-5D8QQR0C2M&gtm=45je64g0v9103030803za200zd9103030803&_p=1776720850701&gcd=13l3l3l3l1l1&npa=0&dma=0&_eu=AEAAAAQ&ae=a&are=1&cid=1176041083.1776720851&frm=0&pscdl=noapi&rcb=6&sr=1280x720&uaa=arm&uab=64&uafvl=Not%253AA-Brand%3B99.0.0.0%7CHeadlessChrome%3B145.0.7632.6%7CChromium%3B145.0.7632.6&uam=&uamb=0&uap=macOS&uapv=26.3.0&uaw=0&ul=en-us&_s=2&tag_exp=0~115938465~115938469~117266400&sid=1776720850&sct=1&seg=0&dl=https%3A%2F%2Fwww.credly.com%2Fusers%2Ffaiz-mustansar&dt=Credly&en=scroll&epn.percent_scrolled=90&_et=9&tfd=2336 → 204 (98ms, ?B)
[2026-04-20T21:34:13.022Z] POST https://events.launchdarkly.com/events/bulk/663bdb8143d6f11011f85017 → 202 (90ms, ?B)
[2026-04-20T21:34:17.438Z] POST https://www.google-analytics.com/g/collect?v=2&tid=G-5D8QQR0C2M&gtm=45je64g0v9103030803za200zd9103030803&_p=1776720850701&gcd=13l3l3l3l1l1&npa=0&dma=0&gdid=dYWJhMj&_eu=AEAAAAQ&ae=a&are=1&cid=1176041083.1776720851&frm=0&pscdl=noapi&rcb=6&sr=1280x720&uaa=arm&uab=64&uafvl=Not%253AA-Brand%3B99.0.0.0%7CHeadlessChrome%3B145.0.7632.6%7CChromium%3B145.0.7632.6&uam=&uamb=0&uap=macOS&uapv=26.3.0&uaw=0&ul=en-us&_s=3&tag_exp=0~115938465~115938469~117266400&dl=https%3A%2F%2Fwww.credly.com%2Fusers%2Ffaiz-mustansar%2Fbadges&dr=https%3A%2F%2Fwww.credly.com%2Fusers%2Ffaiz-mustansar&sid=1776720850&sct=1&seg=1&dt=Faiz%20Mustansar%20%E2%80%93%20Badges%20-%20Credly&en=page_view&_et=1546&tfd=7338 → 204 (39ms, ?B)
[2026-04-20T21:34:50.696Z] GET https://www.credly.com/users/10624780-892e-4400-bd75-29a64a415ff6/badges?page=1&page_size=48 → 200 (130ms, ?B)
[2026-04-20T21:34:50.699Z] POST https://privacyportal-de.onetrust.com/request/v1/consentreceipts → pending (?ms, ?B)
[2026-04-20T21:34:50.839Z] POST https://www.google-analytics.com/g/collect?v=2&tid=G-5D8QQR0C2M&gtm=45je64g0v9103030803za200zd9103030803&_p=1776720850701&gcd=13l3l3l3l1l1&npa=0&dma=0&gdid=dYWJhMj&_eu=AAAAAAQ&are=1&cid=1176041083.1776720851&frm=0&pscdl=noapi&rcb=6&sr=1280x720&uaa=arm&uab=64&uafvl=Not%253AA-Brand%3B99.0.0.0%7CHeadlessChrome%3B145.0.7632.6%7CChromium%3B145.0.7632.6&uam=&uamb=0&uap=macOS&uapv=26.3.0&uaw=0&ul=en-us&_s=4&tag_exp=0~115938465~115938469~117266400&sid=1776720850&sct=1&seg=1&dl=https%3A%2F%2Fwww.credly.com%2Fusers%2Ffaiz-mustansar%2Fbadges&dr=https%3A%2F%2Fwww.credly.com%2Fusers%2Ffaiz-mustansar&dt=Faiz%20Mustansar%20%E2%80%93%20Badges%20-%20Credly&en=user_engagement&_et=38393&tfd=40733 → pending (?ms, ?B)
[2026-04-20T21:34:50.840Z] GET https://data.pendo.io/data/ptm.gif/65460ef3-56d0-45a3-7b3b-fe1ec0463054?v=2.320.2_prod-io&ct=1776720890834&jzb=eJy9VG9v2jwQ_yrIe0uaED3AI961gq1oU9tJ1Vo0TchxLonBsTP7AoSJ795LKBTQ2qqTWt7Aceffnzuff_5hWBXABiwxonSszSJrlg7sFGVOf3f6_V4_DP7vhkGv22YL6SQaO5UxnZjejK6G19Pb6VWoZ-uRrS6CgAC4EKbU2NToUqk2K62i8gyxcAPfXy6XZ8JCrKozYXK_JDLnJ1yuvbx0yLXj1o94nIL7tC0jzMKawrEBieU2Bdz-Sgn0nJKNGPoWikqYQU8YM5fgFUZJUXlK6jllUaIiQ1tFHNE2eJmF5ERbAdw6oxtxoL008gsrF5yQBGgEuw-1QSnAnWWYK7Zps7wa6xhW1DTSkkkVP4YBka9IM7vZHmxdNQdrW9wS5EhB_uRoOP6x82Q0oKWe7JwgEMzO53OWXhBC4dsYP4gstaYsaGoaudRgD0fp4rkHMs2w9RgIo8pc1xf1VUHU95MxvCLolJg24UN4Dp2_I9u7oO-HGHFNDmo_B_Y-K46tyCCavLUAS9eeK48rmerGNAE_u5nII7kVwYKXtusN94woHRUeaXyWP-bIacWdlkVRvziMMOBISHiqJPy7lIvr4eSfhkF4R_ibp8-O6ZZH4_07Sy2rA9a9u7wfz87lJSaL23Vem00sz6FJ9mdD_K_7rYDJEr5WXxaUdOCcNLpJj1bz-26vJ7-Hd_Ek6Y8oXWJjRmT1hOuXfCgtCKx74eB3CZreslprVCGQhU6vE2x-PQCnTRWc → pending (?ms, ?B)
[2026-04-20T21:34:51.887Z] POST https://capture.trackjs.com/capture?token=e43bb3a0b11a469ba1ef2ec2b79c6b11 → pending (?ms, ?B)
[2026-04-20T21:34:51.888Z] POST https://www.google.com/g/collect?v=2&tid=G-5D8QQR0C2M&gtm=45je64g0v9103030803za200zd9103030803&_p=1776720850701&gcd=13l3l3l3l1l1&npa=0&dma=0&gdid=dYWJhMj&_eu=AAAAAAQ&are=1&cid=1176041083.1776720851&frm=0&pscdl=noapi&rcb=6&sr=1280x720&uaa=arm&uab=64&uafvl=Not%253AA-Brand%3B99.0.0.0%7CHeadlessChrome%3B145.0.7632.6%7CChromium%3B145.0.7632.6&uam=&uamb=0&uap=macOS&uapv=26.3.0&uaw=0&ul=en-us&_s=4&tag_exp=0%7E115938465%7E115938469%7E117266400&sid=1776720850&sct=1&seg=1&dl=https%3A%2F%2Fwww.credly.com%2Fusers%2Ffaiz-mustansar%2Fbadges&dr=https%3A%2F%2Fwww.credly.com%2Fusers%2Ffaiz-mustansar&dt=Faiz+Mustansar+%E2%80%93+Badges+-+Credly&en=user_engagement&_et=38393&tfd=40733&gaf=1 → pending (?ms, ?B)
[2026-04-20T21:34:51.890Z] GET https://fonts.googleapis.com/css?family=Open+Sans:300,400,400i,600,700 → 200 (?ms, 29486B)
[2026-04-20T21:34:51.890Z] GET https://use.typekit.net/bcc0eop.css → 200 (?ms, 1891B)
[2026-04-20T21:34:51.891Z] GET https://cdn.credly.com/assets/transitional-ad74f2218752f8e97ea9f0c032d42d718238f0c822804b91c85e86ccd244f4f6.css → 200 (?ms, 14072B)
[2026-04-20T21:34:51.891Z] GET https://cdn.credly.com/assets/application-41de12e886674dac346822e785f3ecf898fdf89dcf03498ff7dc629ada3117ed.css → 200 (?ms, 550803B)
[2026-04-20T21:34:51.891Z] GET https://cdn.credly.com/assets/ie_polyfills.legacy-browser-eb3f8596e1c5f284c28e29674c90aed1b5afae6dd3ec51117298e5a75b8dcde9.js → 200 (1ms, 120503B)
[2026-04-20T21:34:51.892Z] GET https://cdn.credly.com/assets/application-5f2e3a8ec17cd094ab8e6cd77bc379d087b34c2e153d162c60b2b82d5884856a.js → 200 (1ms, 64662B)
[2026-04-20T21:34:51.894Z] GET https://cdn.cookielaw.org/scripttemplates/otSDKStub.js → 200 (?ms, 26578B)
[2026-04-20T21:34:51.895Z] GET https://cdn.trackjs.com/releases/current/tracker.js → 200 (?ms, 26902B)
[2026-04-20T21:34:51.895Z] GET https://www.googletagmanager.com/gtag/js?id=G-5D8QQR0C2M → 200 (?ms, 494649B)
[2026-04-20T21:34:51.895Z] GET https://cdn.cookielaw.org/consent/01939cd7-7f26-7c87-af17-d2bfc69700b9/01939cd7-7f26-7c87-af17-d2bfc69700b9.json → 200 (123ms, 8270B)
[2026-04-20T21:34:51.895Z] GET https://cdn.pendo.io/agent/static/65460ef3-56d0-45a3-7b3b-fe1ec0463054/pendo.js → 200 (?ms, 576678B)
[2026-04-20T21:34:51.896Z] GET https://p.typekit.net/p.css?s=1&k=bcc0eop&ht=tk&f=605.607&a=83865279&app=typekit&e=css → 200 (?ms, 5B)
[2026-04-20T21:34:51.896Z] GET https://cdn.credly.com/assets/chunk-H7UZU645.digested.js → 200 (1ms, 510B)
[2026-04-20T21:34:51.897Z] GET https://cdn.credly.com/assets/chunk-KRSUMUZH.digested.js → 200 (?ms, 441B)
[2026-04-20T21:34:51.897Z] GET https://cdn.credly.com/assets/chunk-6Z5QK2EN.digested.js → 200 (1ms, 5152B)
[2026-04-20T21:34:51.898Z] GET https://cdn.credly.com/assets/chunk-EANTABQV.digested.js → 200 (?ms, 393B)
[2026-04-20T21:34:51.898Z] GET https://cdn.credly.com/assets/chunk-3A36KPXM.digested.js → 200 (1ms, 668B)
[2026-04-20T21:34:51.899Z] GET https://cdn.credly.com/assets/chunk-DJALBTFY.digested.js → 200 (1ms, 762B)
[2026-04-20T21:34:51.902Z] GET https://cdn.credly.com/assets/chunk-GACPE3PF.digested.js → 200 (?ms, 1375B)
[2026-04-20T21:34:51.903Z] GET https://cdn.credly.com/assets/chunk-LSPKKZE6.digested.js → 200 (1ms, 1002B)
[2026-04-20T21:34:51.904Z] GET https://cdn.credly.com/assets/chunk-GMIYZAY6.digested.js → 200 (?ms, 6943B)
[2026-04-20T21:34:51.904Z] GET https://cdn.credly.com/assets/chunk-N2X3JVBY.digested.js → 200 (11ms, 903B)
[2026-04-20T21:34:51.915Z] GET https://cdn.credly.com/assets/chunk-DLW5DSHA.digested.js → 200 (?ms, 450B)
[2026-04-20T21:34:51.915Z] GET https://cdn.credly.com/assets/chunk-5JH53T4G.digested.js → 200 (2ms, 1270B)
[2026-04-20T21:34:51.917Z] GET https://cdn.credly.com/assets/chunk-QGEKUU3H.digested.js → 200 (?ms, 17806B)
[2026-04-20T21:34:51.919Z] GET https://cdn.credly.com/assets/chunk-I4UP6FEY.digested.js → 200 (?ms, 457B)
[2026-04-20T21:34:51.919Z] GET https://cdn.credly.com/assets/chunk-Z62HSN4E.digested.js → 200 (1ms, 1033B)
[2026-04-20T21:34:51.920Z] GET https://cdn.credly.com/assets/chunk-YCIRLEKR.digested.js → 200 (?ms, 1139B)
[2026-04-20T21:34:51.920Z] GET https://cdn.credly.com/assets/chunk-HMTZG76H.digested.js → 200 (1ms, 839B)
[2026-04-20T21:34:51.921Z] GET https://cdn.credly.com/assets/chunk-ZTFZEPHZ.digested.js → 200 (?ms, 1870B)
[2026-04-20T21:34:51.921Z] GET https://cdn.credly.com/assets/chunk-QLCUZJ63.digested.js → 200 (1ms, 3793B)
[2026-04-20T21:34:51.922Z] GET https://cdn.credly.com/assets/chunk-IMIRPF5S.digested.js → 200 (?ms, 384B)
[2026-04-20T21:34:51.922Z] GET https://cdn.credly.com/assets/chunk-NZUYX4KB.digested.js → 200 (?ms, 18812B)
[2026-04-20T21:34:51.922Z] GET https://cdn.credly.com/assets/chunk-YKYOZAH2.digested.js → 200 (?ms, 3750B)
[2026-04-20T21:34:51.922Z] GET https://cdn.credly.com/assets/chunk-43CJCCIZ.digested.js → 200 (?ms, 999B)
[2026-04-20T21:34:51.922Z] GET https://cdn.credly.com/assets/chunk-QO72EFVZ.digested.js → 200 (1ms, 3068B)
[2026-04-20T21:34:51.923Z] GET https://cdn.credly.com/assets/chunk-HZYDKVME.digested.js → 200 (?ms, 1222B)
[2026-04-20T21:34:51.923Z] GET https://cdn.credly.com/assets/chunk-X22LGQPL.digested.js → 200 (?ms, 21881B)
[2026-04-20T21:34:51.923Z] GET https://cdn.credly.com/assets/chunk-FLETJDNA.digested.js → 200 (?ms, 2180B)
[2026-04-20T21:34:51.924Z] GET https://cdn.credly.com/assets/chunk-STENPNFF.digested.js → 200 (?ms, 642B)
[2026-04-20T21:34:51.924Z] GET https://cdn.credly.com/assets/chunk-ATOMAE5S.digested.js → 200 (?ms, 441B)
[2026-04-20T21:34:51.924Z] GET https://cdn.credly.com/assets/chunk-VYR7AMRJ.digested.js → 200 (1ms, 5462B)
[2026-04-20T21:34:51.925Z] GET https://cdn.credly.com/assets/chunk-EMSRKRR3.digested.js → 200 (?ms, 920B)
[2026-04-20T21:34:51.925Z] GET https://cdn.credly.com/assets/chunk-LXC4JSJ7.digested.js → 200 (?ms, 19195B)
[2026-04-20T21:34:51.925Z] GET https://cdn.credly.com/assets/chunk-FP2IW7KZ.digested.js → 200 (3ms, 2290B)
[2026-04-20T21:34:51.928Z] GET https://cdn.credly.com/assets/chunk-2SDQTUO2.digested.js → 200 (?ms, 1917B)
[2026-04-20T21:34:51.929Z] GET https://cdn.credly.com/assets/chunk-NZ33HDUM.digested.js → 200 (?ms, 1646B)
[2026-04-20T21:34:51.929Z] GET https://cdn.credly.com/assets/chunk-25BW5VUZ.digested.js → 200 (2ms, 1020B)
[2026-04-20T21:34:51.931Z] GET https://cdn.credly.com/assets/chunk-M3E677BK.digested.js → 200 (?ms, 1294B)
[2026-04-20T21:34:51.932Z] GET https://cdn.credly.com/assets/chunk-EMSKH6V5.digested.js → 200 (1ms, 338B)
[2026-04-20T21:34:51.933Z] GET https://cdn.credly.com/assets/chunk-T2NF5SCN.digested.js → 200 (?ms, 12549B)
[2026-04-20T21:34:51.933Z] GET https://cdn.credly.com/assets/chunk-7CFYXWRV.digested.js → 200 (1ms, 18865B)
[2026-04-20T21:34:51.934Z] GET https://cdn.credly.com/assets/chunk-POL2VCSZ.digested.js → 200 (?ms, 10700B)
[2026-04-20T21:34:51.934Z] GET https://cdn.credly.com/assets/chunk-LOUDT5KS.digested.js → 200 (?ms, 72B)
[2026-04-20T21:34:51.934Z] GET https://cdn.credly.com/assets/chunk-R4KMZUXC.digested.js → 200 (1ms, 1109B)
[2026-04-20T21:34:51.935Z] GET https://cdn.credly.com/assets/chunk-G5NTPGT4.digested.js → 200 (?ms, 5448B)
[2026-04-20T21:34:51.935Z] GET https://cdn.credly.com/assets/chunk-NEZELB5T.digested.js → 200 (?ms, 817B)
[2026-04-20T21:34:51.935Z] GET https://cdn.credly.com/assets/chunk-MEQITB2F.digested.js → 200 (?ms, 3907B)
[2026-04-20T21:34:51.935Z] GET https://cdn.credly.com/assets/chunk-HWP5Q2WL.digested.js → 200 (?ms, 759B)
[2026-04-20T21:34:51.936Z] GET https://cdn.credly.com/assets/chunk-6PKBYQAC.digested.js → 200 (?ms, ?B)
[2026-04-20T21:34:51.936Z] GET https://cdn.credly.com/assets/chunk-G2OBET7F.digested.js → 200 (1ms, 380B)
[2026-04-20T21:34:51.937Z] GET https://cdn.credly.com/assets/chunk-JPSH2YV2.digested.js → 200 (?ms, 5046B)
[2026-04-20T21:34:51.937Z] GET https://cdn.credly.com/assets/chunk-HBTWJY2L.digested.js → 200 (?ms, 2453B)
[2026-04-20T21:34:51.937Z] GET https://cdn.credly.com/assets/chunk-2BU4GVIF.digested.js → 200 (5ms, 556B)
[2026-04-20T21:34:51.943Z] GET https://cdn.credly.com/assets/chunk-NMENPDJL.digested.js → 200 (?ms, 4364B)
[2026-04-20T21:34:51.943Z] GET https://cdn.credly.com/assets/chunk-IXXPF4MS.digested.js → 200 (11ms, 7676B)
[2026-04-20T21:34:51.955Z] GET https://cdn.credly.com/assets/chunk-6ZA534NW.digested.js → 200 (?ms, 1058B)
[2026-04-20T21:34:51.956Z] GET https://cdn.credly.com/assets/chunk-LDFZE33D.digested.js → 200 (?ms, 3485B)
[2026-04-20T21:34:51.956Z] GET https://cdn.credly.com/assets/chunk-25A25DPH.digested.js → 200 (?ms, 309B)
[2026-04-20T21:34:51.956Z] GET https://cdn.credly.com/assets/chunk-ZTJAIX3D.digested.js → 200 (?ms, 1083B)
[2026-04-20T21:34:51.956Z] GET https://cdn.credly.com/assets/chunk-HLTIOPYX.digested.js → 200 (1ms, 679B)
[2026-04-20T21:34:51.957Z] GET https://cdn.credly.com/assets/chunk-5WMQOKWW.digested.js → 200 (?ms, 15004B)
[2026-04-20T21:34:51.957Z] GET https://cdn.credly.com/assets/chunk-LKHDQORE.digested.js → 200 (1ms, 2481B)
[2026-04-20T21:34:51.958Z] GET https://cdn.credly.com/assets/chunk-IAT23355.digested.js → 200 (?ms, 1345B)
[2026-04-20T21:34:51.960Z] GET https://cdn.credly.com/assets/chunk-ONRC6UMY.digested.js → 200 (?ms, 213B)
[2026-04-20T21:34:51.960Z] GET https://cdn.credly.com/assets/chunk-TDX3T2DM.digested.js → 200 (1ms, 1878B)
[2026-04-20T21:34:51.961Z] GET https://cdn.credly.com/assets/chunk-IEGXG42M.digested.js → 200 (1ms, 549B)
[2026-04-20T21:34:51.962Z] GET https://cdn.credly.com/assets/chunk-SUF7U4BA.digested.js → 200 (?ms, 168B)
[2026-04-20T21:34:51.962Z] GET https://cdn.credly.com/assets/chunk-IDGGKZKD.digested.js → 200 (?ms, 1251B)
[2026-04-20T21:34:51.962Z] GET https://cdn.credly.com/assets/chunk-BKK7L32S.digested.js → 200 (?ms, 526B)
[2026-04-20T21:34:51.962Z] GET https://cdn.credly.com/assets/chunk-BL6UC2OV.digested.js → 200 (?ms, 1914B)
[2026-04-20T21:34:51.963Z] GET https://cdn.credly.com/assets/chunk-KCUNCQIX.digested.js → 200 (?ms, 1104B)
[2026-04-20T21:34:51.963Z] GET https://cdn.credly.com/assets/chunk-DN6ZT27Q.digested.js → 200 (1ms, 2041B)
[2026-04-20T21:34:51.964Z] GET https://cdn.credly.com/assets/chunk-WV2KCJXM.digested.js → 200 (?ms, 34828B)
[2026-04-20T21:34:51.964Z] GET https://cdn.credly.com/assets/chunk-NU3WK5MV.digested.js → 200 (?ms, 1537B)
[2026-04-20T21:34:51.964Z] GET https://cdn.credly.com/assets/chunk-XJGITFBF.digested.js → 200 (?ms, 1414B)
[2026-04-20T21:34:51.965Z] GET https://cdn.credly.com/assets/chunk-KW4JYIJX.digested.js → 200 (?ms, 1804B)
[2026-04-20T21:34:51.965Z] GET https://cdn.credly.com/assets/chunk-66Z4TEVA.digested.js → 200 (?ms, 1775B)
[2026-04-20T21:34:51.965Z] GET https://cdn.credly.com/assets/chunk-GQMIOG73.digested.js → 200 (?ms, 72B)
[2026-04-20T21:34:51.965Z] GET https://cdn.credly.com/assets/chunk-66N5LOTM.digested.js → 200 (2ms, 66724B)
[2026-04-20T21:34:51.967Z] GET https://cdn.credly.com/assets/chunk-GCQMYUAL.digested.js → 200 (?ms, 1317B)
[2026-04-20T21:34:51.968Z] GET https://cdn.credly.com/assets/chunk-HSTX5TOH.digested.js → 200 (6ms, 1638787B)
[2026-04-20T21:34:51.974Z] GET https://cdn.credly.com/assets/chunk-SCQRLJCO.digested.js → 200 (?ms, 71650B)
[2026-04-20T21:34:51.974Z] GET https://cdn.credly.com/assets/chunk-CP5KT3FI.digested.js → 200 (1ms, 1841B)
[2026-04-20T21:34:51.975Z] GET https://cdn.credly.com/assets/chunk-GR44DZQK.digested.js → 200 (?ms, 7686B)
[2026-04-20T21:34:51.978Z] GET https://cdn.credly.com/assets/chunk-ZGWUWSFL.digested.js → 200 (?ms, 2305B)
[2026-04-20T21:34:51.978Z] GET https://cdn.credly.com/assets/chunk-GZNHTIKQ.digested.js → 200 (1ms, 34233B)
[2026-04-20T21:34:51.979Z] GET https://cdn.credly.com/assets/chunk-VO2FQPAA.digested.js → 200 (?ms, 1144B)
[2026-04-20T21:34:51.980Z] GET https://cdn.credly.com/assets/chunk-UAMKU43M.digested.js → 200 (1ms, 905B)
[2026-04-20T21:34:51.981Z] GET https://cdn.credly.com/assets/chunk-BWXL2NR3.digested.js → 200 (?ms, 1277B)
[2026-04-20T21:34:51.981Z] GET https://cdn.credly.com/assets/chunk-OLAHRBFR.digested.js → 200 (?ms, 32020B)
[2026-04-20T21:34:51.981Z] GET https://cdn.credly.com/assets/chunk-TJ56SCQY.digested.js → 200 (?ms, 713B)
[2026-04-20T21:34:51.982Z] GET https://cdn.credly.com/assets/chunk-Q3APXJ2P.digested.js → 200 (?ms, 140894B)
[2026-04-20T21:34:51.982Z] GET https://cdn.credly.com/assets/chunk-N5OCPSJ6.digested.js → 200 (1ms, 3678B)
[2026-04-20T21:34:51.983Z] GET https://cdn.credly.com/assets/chunk-OHRFEPDV.digested.js → 200 (?ms, 5626B)
[2026-04-20T21:34:51.983Z] GET https://cdn.credly.com/assets/chunk-5T4OVUNY.digested.js → 200 (4ms, 56141B)
[2026-04-20T21:34:51.987Z] GET https://cdn.credly.com/assets/chunk-PS7C4SWM.digested.js → 200 (?ms, 6760B)
[2026-04-20T21:34:51.987Z] GET https://cdn.credly.com/assets/chunk-Z34RLW2C.digested.js → 200 (2ms, 3878B)
[2026-04-20T21:34:51.989Z] GET https://cdn.credly.com/assets/chunk-BKO2J4MJ.digested.js → 200 (?ms, 3356B)
[2026-04-20T21:34:51.994Z] GET https://cdn.credly.com/assets/chunk-4YURXYNU.digested.js → 200 (?ms, 29382B)
[2026-04-20T21:34:51.994Z] GET https://cdn.credly.com/assets/chunk-G6PWSDS2.digested.js → 200 (1ms, 6266B)
[2026-04-20T21:34:51.995Z] GET https://cdn.credly.com/assets/chunk-JR7QICRF.digested.js → 200 (?ms, 13593B)
[2026-04-20T21:34:51.995Z] GET https://cdn.credly.com/assets/chunk-CZHD7DH4.digested.js → 200 (?ms, 7443B)
[2026-04-20T21:34:51.995Z] GET https://cdn.credly.com/assets/chunk-2VPTY3V2.digested.js → 200 (?ms, 859B)
[2026-04-20T21:34:51.995Z] GET https://cdn.credly.com/assets/chunk-MM4KT4S7.digested.js → 200 (1ms, 837B)
[2026-04-20T21:34:51.996Z] GET https://use.typekit.net/af/763e68/00000000000000007735971f/30/l?primer=7cdcb44be4a7db8877ffa5c0007b8dd865b3bbc383831fe2ea177f62257a9191&fvd=n7&v=3 → 200 (?ms, ?B)
[2026-04-20T21:34:51.996Z] GET https://cdn.credly.com/assets/open-sans-latin-400-normal-PC4SXGO2.digested.woff2 → 200 (?ms, ?B)
[2026-04-20T21:34:51.996Z] GET https://cdn.credly.com/assets/open-sans-latin-600-normal-UH27EPRT.digested.woff2 → 200 (?ms, ?B)
[2026-04-20T21:34:51.996Z] GET https://cdn.credly.com/assets/open-sans-latin-700-normal-I4EMOFFP.digested.woff2 → 200 (1ms, ?B)
[2026-04-20T21:34:51.997Z] GET https://cdn.credly.com/assets/structure/logo-c48f2e5e3a483bb2b97d000b9ac94ffc8e194377f104c6a80aaf60c18c8a9d13.svg → 200 (?ms, 7493B)
[2026-04-20T21:34:51.997Z] GET https://app.launchdarkly.com/sdk/goals/663bdb8143d6f11011f85017 → 200 (22ms, 284B)
[2026-04-20T21:34:51.997Z] REPORT https://app.launchdarkly.com/sdk/evalx/663bdb8143d6f11011f85017/context → 200 (23ms, 4680B)
[2026-04-20T21:34:51.998Z] GET https://cdn.credly.com/assets/en-K3SU3JGX.digested.js → 200 (?ms, 149B)
[2026-04-20T21:34:51.998Z] GET https://cdn.credly.com/assets/chunk-P6EI4NGK.digested.js → 200 (?ms, 427890B)
[2026-04-20T21:34:51.998Z] GET https://cdn.credly.com/assets/portaled_header-JDMONSMM.digested.js → 200 (?ms, 2449B)
[2026-04-20T21:34:51.998Z] GET https://cdn.credly.com/assets/overlays-CZL4H66V.digested.js → 200 (?ms, 15376B)
[2026-04-20T21:34:51.998Z] GET https://cdn.credly.com/assets/user_layout-A46LPR6V.digested.js → 200 (1ms, 4391B)
[2026-04-20T21:34:51.999Z] GET https://cdn.credly.com/assets/chunk-42MTOKJV.digested.js → 200 (?ms, 350B)
[2026-04-20T21:34:52.000Z] GET https://cdn.credly.com/assets/chunk-E7JJWCBY.digested.js → 200 (?ms, 3408B)
[2026-04-20T21:34:52.000Z] GET https://cdn.credly.com/assets/chunk-PEIK3JMT.digested.js → 200 (?ms, 4307B)
[2026-04-20T21:34:52.001Z] GET https://cdn.credly.com/assets/chunk-MDHG2YIB.digested.js → 200 (?ms, 11824B)
[2026-04-20T21:34:52.001Z] GET https://cdn.credly.com/assets/chunk-GEAYPZKH.digested.js → 200 (1ms, 730B)
[2026-04-20T21:34:52.002Z] GET https://cdn.credly.com/assets/chunk-FVL6W3FZ.digested.js → 200 (?ms, 3085B)
[2026-04-20T21:34:52.002Z] GET https://cdn.credly.com/assets/chunk-4KUMTGDZ.digested.js → 200 (1ms, 1151B)
[2026-04-20T21:34:52.003Z] GET https://cdn.credly.com/assets/chunk-HQN5RQAO.digested.js → 200 (?ms, 843B)
[2026-04-20T21:34:52.003Z] GET https://cdn.credly.com/assets/chunk-VDAZYED4.digested.js → 200 (?ms, 1054B)
[2026-04-20T21:34:52.003Z] GET https://cdn.credly.com/assets/chunk-MM43ZHEV.digested.js → 200 (?ms, 1009B)
[2026-04-20T21:34:52.003Z] GET https://cdn.credly.com/assets/chunk-XRYRNFBB.digested.js → 200 (?ms, 348B)
[2026-04-20T21:34:52.003Z] GET https://cdn.credly.com/assets/chunk-3VSJ5YRY.digested.js → 200 (?ms, 32695B)
[2026-04-20T21:34:52.003Z] GET https://cdn.credly.com/assets/chunk-ENSESXZF.digested.js → 200 (?ms, 70567B)
[2026-04-20T21:34:52.003Z] GET https://cdn.credly.com/assets/chunk-WZHI3MBJ.digested.js → 200 (?ms, 303B)
[2026-04-20T21:34:52.004Z] GET https://cdn.credly.com/assets/chunk-HGNCT6ES.digested.js → 200 (?ms, 785B)
[2026-04-20T21:34:52.004Z] GET https://cdn.credly.com/assets/chunk-UDWJSPEF.digested.js → 200 (1ms, 6306B)
[2026-04-20T21:34:52.005Z] GET https://cdn.credly.com/assets/chunk-64B6RRSY.digested.js → 200 (?ms, 38489B)
[2026-04-20T21:34:52.005Z] GET https://www.credly.com/session_live_check? → 200 (14ms, 36B)
[2026-04-20T21:34:52.005Z] GET https://cdn.credly.com/assets/global_search-VBCUSEPN.digested.js → 200 (?ms, 24596B)
[2026-04-20T21:34:52.006Z] GET https://www.credly.com/users/10624780-892e-4400-bd75-29a64a415ff6 → 200 (13ms, 533B)
[2026-04-20T21:34:52.006Z] GET https://cdn.credly.com/assets/chunk-AGOWOHWD.digested.js → 200 (?ms, 2476B)
[2026-04-20T21:34:52.006Z] GET https://cdn.credly.com/assets/chunk-PI5JFDA6.digested.js → 200 (?ms, 1130B)
[2026-04-20T21:34:52.006Z] GET https://cdn.credly.com/assets/chunk-IHO2B4PB.digested.js → 200 (?ms, 10199B)
[2026-04-20T21:34:52.007Z] GET https://cdn.credly.com/assets/chunk-J45R34MC.digested.js → 200 (?ms, 4491B)
[2026-04-20T21:34:52.007Z] GET https://cdn.credly.com/assets/chunk-AEKYK6OU.digested.js → 200 (?ms, 533B)
[2026-04-20T21:34:52.007Z] GET https://cdn.credly.com/assets/chunk-5X4RFTOZ.digested.js → 200 (?ms, 1022B)
[2026-04-20T21:34:52.007Z] GET https://cdn.credly.com/assets/chunk-FEHWG2NP.digested.js → 200 (1ms, 644B)
[2026-04-20T21:34:52.008Z] GET https://cdn.credly.com/assets/chunk-APGR3NJG.digested.js → 200 (?ms, 2595B)
[2026-04-20T21:34:52.008Z] GET https://cdn.credly.com/assets/chunk-RCJZDWWO.digested.js → 200 (?ms, 48169B)
[2026-04-20T21:34:52.008Z] GET https://cdn.credly.com/assets/chunk-J4GGCGUR.digested.js → 200 (?ms, 782B)
[2026-04-20T21:34:52.010Z] GET https://cdn.credly.com/assets/chunk-SRXXTKEJ.digested.js → 200 (2ms, 565B)
[2026-04-20T21:34:52.012Z] GET https://cdn.credly.com/assets/chunk-TJ6S3FDP.digested.js → 200 (?ms, 1028B)
[2026-04-20T21:34:52.014Z] GET https://cdn.credly.com/assets/chunk-T35HIDTL.digested.js → 200 (?ms, 964B)
[2026-04-20T21:34:52.015Z] POST https://www.google-analytics.com/g/collect?v=2&tid=G-5D8QQR0C2M&gtm=45je64g0v9103030803za200zd9103030803&_p=1776720890857&gcd=13l3l3l3l1l1&npa=0&dma=0&_eu=AAAAAAQ&are=1&cid=1176041083.1776720851&frm=0&pscdl=noapi&rcb=15&sr=1280x720&uaa=arm&uab=64&uafvl=Not%253AA-Brand%3B99.0.0.0%7CHeadlessChrome%3B145.0.7632.6%7CChromium%3B145.0.7632.6&uam=&uamb=0&uap=macOS&uapv=26.3.0&uaw=0&ul=en-us&_s=1&tag_exp=0~115616986~115938465~115938469~117266400&sid=1776720850&sct=1&seg=1&dl=https%3A%2F%2Fwww.credly.com%2Fusers%2F10624780-892e-4400-bd75-29a64a415ff6%2Fbadges%3Fpage%3D1%26page_size%3D48&dt=Credly&en=page_view&_ee=1&tfd=269 → 204 (53ms, ?B)
[2026-04-20T21:34:52.015Z] GET https://usage.trackjs.com/usage.gif?token=e43bb3a0b11a469ba1ef2ec2b79c6b11&correlationId=530448d0-d0e5-4065-9728-63b2d311a01c&application=acclaim-production&x=c4e7ac55-8a9e-4a71-bb1f-3f32f405a799& → 200 (?ms, 43B)
[2026-04-20T21:34:52.015Z] GET https://data.pendo.io/data/ptm.gif/65460ef3-56d0-45a3-7b3b-fe1ec0463054?v=2.320.2_prod-io&ct=1776720891864&jzb=eJw9kF-P4iAUR78LD_NkLcUWqImZzMYmmkx0NjH-yWbT0JYq2kIXqN1q_O5id7K8EDg_7j3cX3dg-4aDKagUK8AIZFp1huvUitrdBoRggiCNA4rRCFyFEVbpVBTuQfqVrObrdJOukDzfEt3_gNAVYHmuWmmHjGyragRaXbn4ydrGTH2_67pxrnlR9eNc1X7rmhk_gBiFhEKPxoh7YQihlxUk8lDMcMjCICpL7GesOHLz3rAjnwVvry014sZnIXVtG60aA6b34R_f9ggHYwSHFRJMJ-ThckxzaTcsW_73s_8OINot9svzh1jY8rq51RdXtdSs5gOMP7dyXS9OVh62FVWxg4YbI5QccPL3so8wFj_RrjiUJHG4tfXLJz8xKflrAnOheW6BkzD8T8tl7hShm3hvuTOf0Ojx-wkiYH2T → 200 (48ms, 42B)
[2026-04-20T21:34:52.018Z] GET https://geolocation.onetrust.com/cookieconsentpub/v1/geo/location → 200 (49ms, 68B)
[2026-04-20T21:34:52.021Z] GET https://www.credly.com/users/10624780-892e-4400-bd75-29a64a415ff6/badges?page=1&page_size=48 → 200 (361ms, 41788B)
[2026-04-20T21:34:52.021Z] GET https://www.credly.com/api/v1/users/10624780-892e-4400-bd75-29a64a415ff6/external_badges/open_badges/public?page=1&page_size=48 → 200 (99ms, 138B)
[2026-04-20T21:34:52.024Z] POST https://stats.credly.com/stats/interaction → 201 (64ms, ?B)
[2026-04-20T21:34:52.025Z] GET https://www.credly.com/api/v1/global_search/top_terms → 200 (66ms, 128B)
[2026-04-20T21:34:52.066Z] GET https://clientstream.launchdarkly.com/ping/663bdb8143d6f11011f85017 → 200 (22ms, ?B)
[2026-04-20T21:34:52.068Z] GET https://cdn.cookielaw.org/scripttemplates/202411.2.0/otBannerSdk.js → 200 (?ms, 474797B)
[2026-04-20T21:34:52.070Z] GET https://data.pendo.io/data/ptm.gif/65460ef3-56d0-45a3-7b3b-fe1ec0463054?v=2.320.2_prod-io&ct=1776720891939&jzb=eJw9UG2L4jAY_C85uE_WprFNWkGWXSwoLLoH4gvHUdI21Wib9JLUbhX_u2k9Ll8ekpnMzDO_78B0NQNTUEqagxFIlWw1U4nhlX31CMEEwTDyogkegSvX3EiV8Nx-SL7i1XydbJIVEudbrLoPCK0AzTLZCDNwRFOWI9Co0tJPxtR66rpt244zxfKyG2eychtrpl0PYuSTEDphhJjj-xA6aU4CB0UU-9T3gqLAbkrzI9NvNT2ymfezH4nmNzbzwx8vQeteK1lrML0P6_xbAmFvjOBwfILDCXlYHlVMmA1Nl_9jmtcFBLvFfnl-5wtTXDe36mJVC0UrNoDR51asq8XJiMO2DGVkQc205lIMcPx92QcY819olx8KElu4MVWfJztRIVhfxJwrlhlgQ2j2t2Ei63u2xXeG2eSTCD3-PAH424A6 → 200 (49ms, 42B)
[2026-04-20T21:34:52.070Z] GET https://data.pendo.io/data/guide.js/65460ef3-56d0-45a3-7b3b-fe1ec0463054?id=25&jzb=eJx9j81uwyAQhN-FSj0Fs6bEcSxFVavm0EtaqT9XRAxxqQhYgGMlVd49oKjurSfQ7Ox8Oz_ooIOOzj9L1CD-ut48vfB3vqH2-7T2x0cANEOibd1gY7bYwZgZGrxJ7q8Y-9AQMo5j0XolzbFo3Z4MQflASqgoW9SA6yVVmDEAvJWLOaZLUTHByvluV5GtkJ0K973o1Kq8zQ8P-qRWrL65Bia4M_Lz78Qrf6-ikCIK1Ez356_-p4MRthsSIDmU5R9v6Dz1-l3N2UnthVc2PkyzJCVWXqRAgBEKtEqBh9RSO5vl4o5CQXnvncTaofP5Al6xbes&v=2.320.2_prod-io&ct=1776720891940 → 200 (33ms, 461B)
[2026-04-20T21:34:52.071Z] GET https://data.pendo.io/data/guide.js/65460ef3-56d0-45a3-7b3b-fe1ec0463054?id=23&jzb=eJx9T01PwyAY_i8cPI3yFlnXNVmMxh28TBM_roQVVjEMGqBrNtP_Poix3jzx5uH5_EYnHXR0_kmiBvGX7e7xmb_xHbVfl60_PwCgBRJt6wYbM8UOxizQ4E1if8bYh4aQcRyL1itpzkXrjmQIygdSQkXZqgZcr6nCjAHgvVwtMV2LiglWLg-HiuyF7FS460WnNuVNfnjQF7VhdUp1Rn78dfsJPqoopIgCNXPxfOp_yhthuyE5J4ay_P0VTfOgX2n2TmgvvLLxfv5LUMrKQgoEGKFAq2R4SvO0sxkubikUlPfeSawdmqYrHVRrRQ&v=2.320.2_prod-io&ct=1776720891941 → 200 (36ms, 454B)
[2026-04-20T21:34:52.071Z] GET https://cdn.cookielaw.org/consent/01939cd7-7f26-7c87-af17-d2bfc69700b9/019567c3-402a-7ba5-87b3-cc5f73ba4e81/en.json → 200 (?ms, 47172B)
[2026-04-20T21:34:52.071Z] GET https://cdn.cookielaw.org/consent/01939cd7-7f26-7c87-af17-d2bfc69700b9/019567c3-402a-7ba5-87b3-cc5f73ba4e81/bLayout-en.json → 200 (9ms, 15030B)
[2026-04-20T21:34:52.072Z] GET https://cdn.cookielaw.org/scripttemplates/202411.2.0/assets/v2/otPcCenter.json → 200 (8ms, 63848B)
[2026-04-20T21:34:52.072Z] GET https://cdn.cookielaw.org/scripttemplates/202411.2.0/assets/otCommonStyles.css → 200 (9ms, 24897B)
[2026-04-20T21:34:52.081Z] GET https://cdn.cookielaw.org/logos/0d555ebd-3f0a-478d-9caa-67540b18e205/0197a16f-e118-7f49-910a-21adda2976ee/3429acb6-8671-44e7-92e6-30760e3595d3/logo-full-purple-4x.png → 200 (?ms, 10653B)
[2026-04-20T21:34:52.081Z] GET https://cdn.cookielaw.org/logos/static/powered_by_logo.svg → 200 (1ms, 5445B)
[2026-04-20T21:34:52.082Z] GET https://cdn.cookielaw.org/logos/static/ot_guard_logo.svg → 200 (5ms, 497B)
[2026-04-20T21:34:52.088Z] REPORT https://app.launchdarkly.com/sdk/evalx/663bdb8143d6f11011f85017/context → 200 (16ms, 4680B)
[2026-04-20T21:34:52.386Z] GET https://images.credly.com/images/a4fc6a2d-be28-4900-9ca4-9adf8f86f569/blob → 200 (1ms, 5624921B)
[2026-04-20T21:34:52.388Z] GET https://images.credly.com/images/ad69da3f-fd00-45ef-a1a8-faff463d09ad/blob → 200 (?ms, 5961988B)
[2026-04-20T21:34:52.389Z] GET https://www.credly.com/api/v1/users/10624780-892e-4400-bd75-29a64a415ff6/user_faethm_skills/public?filter%5Bname%5D= → pending (?ms, ?B)
[2026-04-20T21:34:52.959Z] POST https://events.launchdarkly.com/events/bulk/663bdb8143d6f11011f85017 → 202 (47ms, ?B)
[2026-04-20T21:34:55.963Z] POST https://www.google-analytics.com/g/collect?v=2&tid=G-5D8QQR0C2M&gtm=45je64g0v9103030803za200zd9103030803&_p=1776720890857&gcd=13l3l3l3l1l1&npa=0&dma=0&_eu=AEAAAAQ&ae=a&are=1&cid=1176041083.1776720851&frm=0&pscdl=noapi&rcb=15&sr=1280x720&uaa=arm&uab=64&uafvl=Not%253AA-Brand%3B99.0.0.0%7CHeadlessChrome%3B145.0.7632.6%7CChromium%3B145.0.7632.6&uam=&uamb=0&uap=macOS&uapv=26.3.0&uaw=0&ul=en-us&_s=2&tag_exp=0~115616986~115938465~115938469~117266400&sid=1776720850&sct=1&seg=1&dl=https%3A%2F%2Fwww.credly.com%2Fusers%2F10624780-892e-4400-bd75-29a64a415ff6%2Fbadges%3Fpage%3D1%26page_size%3D48&dt=Credly&en=scroll&epn.percent_scrolled=90&_et=1&tfd=5272 → 204 (40ms, ?B)
[2026-04-20T21:34:56.123Z] GET https://www.credly.com/users/10624780-892e-4400-bd75-29a64a415ff6/badges?page=1&page_size=48 → pending (?ms, ?B)
[2026-04-20T21:42:50.950Z] GET https://www.credly.com/stat_signatures/interaction → pending (?ms, ?B)
[2026-04-20T21:49:11.045Z] POST https://events.launchdarkly.com/events/diagnostic/663bdb8143d6f11011f85017 → 202 (165ms, ?B)
[2026-04-20T21:50:50.908Z] GET https://www.credly.com/stat_signatures/interaction → 200 (230ms, 423B)
[2026-04-20T21:58:50.921Z] GET https://www.credly.com/stat_signatures/interaction → 200 (394ms, 423B)
[2026-04-20T22:04:11.051Z] POST https://events.launchdarkly.com/events/diagnostic/663bdb8143d6f11011f85017 → pending (?ms, ?B)
